<?xml version="1.0" encoding="UTF-8"?>
<!-- Generated by org.testng.reporters.JUnitReportReporter -->
<testsuite hostname="NAVEENA" failures="0" tests="1" name="extraPractice.MultiSelect" time="27.271" errors="0" timestamp="2021-05-23T13:24:23 IST" skipped="0">
  <testcase classname="extraPractice.MultiSelect" name="test" time="27.271"/>
  <system-out/>
</testsuite> <!-- extraPractice.MultiSelect -->
