<?xml version="1.0" encoding="UTF-8"?>
<!-- Generated by org.testng.reporters.JUnitReportReporter -->
<testsuite hostname="NAVEENA" failures="0" tests="1" name="intervew.SummaPractice" time="5.612" errors="0" timestamp="2021-05-01T19:44:57 IST" skipped="0">
  <testcase classname="intervew.SummaPractice" name="test" time="5.612"/>
  <system-out/>
</testsuite> <!-- intervew.SummaPractice -->
