<?xml version="1.0" encoding="UTF-8"?>
<!-- Generated by org.testng.reporters.JUnitReportReporter -->
<testsuite hostname="NAVEENA" failures="0" tests="1" name="pratice.Testing" time="8.385" errors="0" timestamp="2021-06-02T08:59:30 IST" skipped="0">
  <testcase classname="pratice.Testing" name="test" time="8.385"/>
  <system-out/>
</testsuite> <!-- pratice.Testing -->
