<?xml version="1.0" encoding="UTF-8"?>
<!-- Generated by org.testng.reporters.JUnitReportReporter -->
<testsuite hostname="NAVEENA" failures="0" tests="1" name="datadriven.JavaScriptExecutor" time="9.631" errors="0" timestamp="2021-04-14T16:50:47 IST" skipped="0">
  <testcase classname="datadriven.JavaScriptExecutor" name="test" time="9.631"/>
  <system-out/>
</testsuite> <!-- datadriven.JavaScriptExecutor -->
