<?xml version="1.0" encoding="UTF-8"?>
<!-- Generated by org.testng.reporters.JUnitReportReporter -->
<testsuite hostname="NAVEENA" failures="0" tests="1" name="practise2.DataBase" time="0.357" errors="0" timestamp="2021-06-03T15:40:33 IST" skipped="0">
  <testcase classname="practise2.DataBase" name="test" time="0.357"/>
  <system-out/>
</testsuite> <!-- practise2.DataBase -->
