<?xml version="1.0" encoding="UTF-8"?>
<!-- Generated by org.testng.reporters.JUnitReportReporter -->
<testsuite hostname="NAVEENA" failures="0" tests="1" name="practise2.SelectFunction" time="9.171" errors="0" timestamp="2021-06-01T19:07:14 IST" skipped="0">
  <testcase classname="practise2.SelectFunction" name="test" time="9.171"/>
  <system-out/>
</testsuite> <!-- practise2.SelectFunction -->
