<?xml version="1.0" encoding="UTF-8"?>
<!-- Generated by org.testng.reporters.JUnitReportReporter -->
<testsuite hostname="NAVEENA" failures="0" tests="1" name="pratice.SummaTest" time="13.478" errors="0" timestamp="2021-04-26T19:03:41 IST" skipped="0">
  <testcase classname="pratice.SummaTest" name="test" time="13.478"/>
  <system-out/>
</testsuite> <!-- pratice.SummaTest -->
