<?xml version="1.0" encoding="UTF-8"?>
<!-- Generated by org.testng.reporters.JUnitReportReporter -->
<testsuite hostname="NAVEENA" failures="0" tests="1" name="finalprac.Rahulshetty" time="17.619" errors="0" timestamp="2021-03-14T12:47:01 IST" skipped="0">
  <testcase classname="finalprac.Rahulshetty" name="test" time="17.619"/>
  <system-out/>
</testsuite> <!-- finalprac.Rahulshetty -->
