<?xml version="1.0" encoding="UTF-8"?>
<!-- Generated by org.testng.reporters.JUnitReportReporter -->
<testsuite hostname="NAVEENA" failures="0" tests="1" name="practise2.DP" time="0.014" errors="0" timestamp="2021-06-05T09:09:45 IST" skipped="0">
  <testcase classname="practise2.DP" name="test" time="0.014"/>
  <system-out/>
</testsuite> <!-- practise2.DP -->
