<?xml version="1.0" encoding="UTF-8"?>
<!-- Generated by org.testng.reporters.JUnitReportReporter -->
<testsuite hostname="NAVEENA" failures="0" tests="1" name="intervew.DataproviderDemo" time="0.016" errors="0" timestamp="2021-05-30T12:40:25 IST" skipped="0">
  <testcase classname="intervew.DataproviderDemo" name="test" time="0.016"/>
  <system-out/>
</testsuite> <!-- intervew.DataproviderDemo -->
