<?xml version="1.0" encoding="UTF-8"?>
<!-- Generated by org.testng.reporters.JUnitReportReporter -->
<testsuite hostname="NAVEENA" failures="0" tests="1" name="practice1.Experiment" time="2.424" errors="0" timestamp="2021-05-25T10:31:24 IST" skipped="0">
  <testcase classname="practice1.Experiment" name="test" time="2.424"/>
  <system-out/>
</testsuite> <!-- practice1.Experiment -->
