<?xml version="1.0" encoding="UTF-8"?>
<!-- Generated by org.testng.reporters.JUnitReportReporter -->
<testsuite hostname="NAVEENA" failures="0" tests="1" name="intervew.AlertExamples" time="20.829" errors="0" timestamp="2021-05-30T21:54:12 IST" skipped="0">
  <testcase classname="intervew.AlertExamples" name="test" time="20.829"/>
  <system-out/>
</testsuite> <!-- intervew.AlertExamples -->
