<?xml version="1.0" encoding="UTF-8"?>
<!-- Generated by org.testng.reporters.JUnitReportReporter -->
<testsuite hostname="NAVEENA" failures="0" tests="2" name="datadriven.SummaTest" time="0.014" errors="0" timestamp="2021-03-27T20:24:24 IST" skipped="0">
  <testcase classname="datadriven.SummaTest" name="testing" time="0.012"/>
  <system-out/>
  <testcase classname="datadriven.SummaTest" name="testing" time="0.002"/>
  <system-out/>
</testsuite> <!-- datadriven.SummaTest -->
