<?xml version="1.0" encoding="UTF-8"?>
<!-- Generated by org.testng.reporters.JUnitReportReporter -->
<testsuite hostname="NAVEENA" failures="0" tests="2" name="lastprac.Dbtest1" time="0.013" errors="0" timestamp="2021-03-29T14:30:47 IST" skipped="0">
  <testcase classname="lastprac.Dbtest1" name="test" time="0.012"/>
  <system-out/>
  <testcase classname="lastprac.Dbtest1" name="test" time="0.001"/>
  <system-out/>
</testsuite> <!-- lastprac.Dbtest1 -->
