<?xml version="1.0" encoding="UTF-8"?>
<!-- Generated by org.testng.reporters.JUnitReportReporter -->
<testsuite hostname="NAVEENA" failures="0" tests="1" name="datadriven.Excel" time="1.125" errors="0" timestamp="2021-03-26T17:31:15 IST" skipped="0">
  <testcase classname="datadriven.Excel" name="test" time="1.125"/>
  <system-out/>
</testsuite> <!-- datadriven.Excel -->
