<?xml version="1.0" encoding="UTF-8"?>
<!-- Generated by org.testng.reporters.JUnitReportReporter -->
<testsuite hostname="NAVEENA" failures="0" tests="1" name="intervew.GreenKart" time="8.135" errors="0" timestamp="2021-05-30T22:54:58 IST" skipped="0">
  <testcase classname="intervew.GreenKart" name="test" time="8.135"/>
  <system-out/>
</testsuite> <!-- intervew.GreenKart -->
