<?xml version="1.0" encoding="UTF-8"?>
<!-- Generated by org.testng.reporters.JUnitReportReporter -->
<testsuite hostname="NAVEENA" failures="0" tests="1" name="lastprac.Rahulshetty1" time="20.799" errors="0" timestamp="2021-04-22T11:00:47 IST" skipped="0">
  <testcase classname="lastprac.Rahulshetty1" name="test" time="20.799"/>
  <system-out/>
</testsuite> <!-- lastprac.Rahulshetty1 -->
