<?xml version="1.0" encoding="UTF-8"?>
<!-- Generated by org.testng.reporters.JUnitReportReporter -->
<testsuite hostname="NAVEENA" failures="0" tests="1" name="practise2.Testing4" time="10.159" errors="0" timestamp="2021-06-02T21:07:18 IST" skipped="0">
  <testcase classname="practise2.Testing4" name="test" time="10.159"/>
  <system-out/>
</testsuite> <!-- practise2.Testing4 -->
