<?xml version="1.0" encoding="UTF-8"?>
<!-- Generated by org.testng.reporters.JUnitReportReporter -->
<testsuite hostname="NAVEENA" failures="0" tests="1" name="practice1.Testing" time="7.314" errors="0" timestamp="2021-05-24T21:03:11 IST" skipped="0">
  <testcase classname="practice1.Testing" name="test" time="7.314"/>
  <system-out/>
</testsuite> <!-- practice1.Testing -->
