<?xml version="1.0" encoding="UTF-8"?>
<!-- Generated by org.testng.reporters.JUnitReportReporter -->
<testsuite hostname="NAVEENA" failures="0" tests="1" name="practise.DataProvider1" time="0.005" errors="0" timestamp="2021-05-19T08:12:07 IST" skipped="0">
  <testcase classname="practise.DataProvider1" name="test" time="0.005"/>
  <system-out/>
</testsuite> <!-- practise.DataProvider1 -->
