<?xml version="1.0" encoding="UTF-8"?>
<!-- Generated by org.testng.reporters.JUnitReportReporter -->
<testsuite hostname="NAVEENA" failures="0" tests="1" name="pratice.HaroonHandling" time="14.559" errors="0" timestamp="2021-05-22T12:47:41 IST" skipped="0">
  <testcase classname="pratice.HaroonHandling" name="test" time="14.559"/>
  <system-out/>
</testsuite> <!-- pratice.HaroonHandling -->
