<?xml version="1.0" encoding="UTF-8"?>
<!-- Generated by org.testng.reporters.JUnitReportReporter -->
<testsuite hostname="NAVEENA" failures="0" tests="1" name="datadriven.Myexcel" time="1.110" errors="0" timestamp="2021-04-02T07:41:04 IST" skipped="0">
  <testcase classname="datadriven.Myexcel" name="test" time="1.110"/>
  <system-out/>
</testsuite> <!-- datadriven.Myexcel -->
