<?xml version="1.0" encoding="UTF-8"?>
<!-- Generated by org.testng.reporters.JUnitReportReporter -->
<testsuite hostname="NAVEENA" failures="0" tests="2" name="pratice.Select1" time="1.133" errors="0" timestamp="2021-04-18T19:09:47 IST" skipped="0">
  <testcase classname="pratice.Select1" name="test" time="1.060"/>
  <system-out/>
  <testcase classname="pratice.Select1" name="test" time="0.073"/>
  <system-out/>
</testsuite> <!-- pratice.Select1 -->
