<?xml version="1.0" encoding="UTF-8"?>
<!-- Generated by org.testng.reporters.JUnitReportReporter -->
<testsuite hostname="NAVEENA" failures="0" tests="1" name="pratice.Summa3" time="14.453" errors="0" timestamp="2021-05-15T19:41:16 IST" skipped="0">
  <testcase classname="pratice.Summa3" name="test" time="14.453"/>
  <system-out/>
</testsuite> <!-- pratice.Summa3 -->
