<?xml version="1.0" encoding="UTF-8"?>
<!-- Generated by org.testng.reporters.JUnitReportReporter -->
<testsuite hostname="NAVEENA" failures="0" tests="2" name="Selenium.basictest.draganddrop" time="0.015" errors="0" timestamp="2021-04-25T09:21:34 IST" skipped="0">
  <testcase classname="Selenium.basictest.draganddrop" name="drag" time="0.002"/>
  <system-out/>
  <testcase classname="Selenium.basictest.draganddrop" name="drag" time="0.013"/>
  <system-out/>
</testsuite> <!-- Selenium.basictest.draganddrop -->
