<?xml version="1.0" encoding="UTF-8"?>
<!-- Generated by org.testng.reporters.JUnitReportReporter -->
<testsuite hostname="NAVEENA" failures="0" tests="1" name="finalprac.Facebooklinks" time="41.630" errors="0" timestamp="2021-03-14T13:40:04 IST" skipped="0">
  <testcase classname="finalprac.Facebooklinks" name="test" time="41.630"/>
  <system-out/>
</testsuite> <!-- finalprac.Facebooklinks -->
