<?xml version="1.0" encoding="UTF-8"?>
<!-- Generated by org.testng.reporters.JUnitReportReporter -->
<testsuite hostname="NAVEENA" failures="0" tests="1" name="pratice.Summa2" time="19.393" errors="0" timestamp="2021-05-08T12:46:49 IST" skipped="0">
  <testcase classname="pratice.Summa2" name="test" time="19.393"/>
  <system-out/>
</testsuite> <!-- pratice.Summa2 -->
