<?xml version="1.0" encoding="UTF-8"?>
<!-- Generated by org.testng.reporters.JUnitReportReporter -->
<testsuite hostname="NAVEENA" failures="0" tests="1" name="intervew.SummaTest" time="23.348" errors="0" timestamp="2021-05-30T17:11:24 IST" skipped="0">
  <testcase classname="intervew.SummaTest" name="test" time="23.348"/>
  <system-out/>
</testsuite> <!-- intervew.SummaTest -->
