<?xml version="1.0" encoding="UTF-8"?>
<!-- Generated by org.testng.reporters.JUnitReportReporter -->
<testsuite hostname="NAVEENA" failures="0" tests="1" name="datadriven.TestExcel" time="0.014" errors="0" timestamp="2021-03-27T20:29:16 IST" skipped="0">
  <testcase classname="datadriven.TestExcel" name="summa" time="0.014"/>
  <system-out/>
</testsuite> <!-- datadriven.TestExcel -->
