<?xml version="1.0" encoding="UTF-8"?>
<!-- Generated by org.testng.reporters.JUnitReportReporter -->
<testsuite hostname="NAVEENA" failures="0" tests="1" name="practise2.Testing2" time="28.004" errors="0" timestamp="2021-06-01T19:57:10 IST" skipped="0">
  <testcase classname="practise2.Testing2" name="test" time="28.004"/>
  <system-out/>
</testsuite> <!-- practise2.Testing2 -->
