<?xml version="1.0" encoding="UTF-8"?>
<!-- Generated by org.testng.reporters.JUnitReportReporter -->
<testsuite hostname="NAVEENA" failures="0" tests="1" name="Selenium.basictest.alerts" time="26.404" errors="0" timestamp="2021-03-13T16:02:53 IST" skipped="0">
  <testcase classname="Selenium.basictest.alerts" name="alert" time="26.404"/>
  <system-out/>
</testsuite> <!-- Selenium.basictest.alerts -->
