<?xml version="1.0" encoding="UTF-8"?>
<!-- Generated by org.testng.reporters.JUnitReportReporter -->
<testsuite hostname="NAVEENA" failures="0" tests="1" name="Selenium.basictest.test2" time="1.102" errors="0" timestamp="2021-04-10T19:27:29 IST" skipped="0">
  <testcase classname="Selenium.basictest.test2" name="basictest" time="1.102"/>
  <system-out/>
</testsuite> <!-- Selenium.basictest.test2 -->
