<?xml version="1.0" encoding="UTF-8"?>
<!-- Generated by org.testng.reporters.JUnitReportReporter -->
<testsuite hostname="NAVEENA" failures="0" tests="1" name="intervew.SummaAll" time="9.818" errors="0" timestamp="2021-05-30T13:30:54 IST" skipped="0">
  <testcase classname="intervew.SummaAll" name="test" time="9.818"/>
  <system-out/>
</testsuite> <!-- intervew.SummaAll -->
