<?xml version="1.0" encoding="UTF-8"?>
<!-- Generated by org.testng.reporters.JUnitReportReporter -->
<testsuite hostname="NAVEENA" failures="0" tests="1" name="pratice.Summa1" time="21.727" errors="0" timestamp="2021-05-08T09:50:21 IST" skipped="0">
  <testcase classname="pratice.Summa1" name="test" time="21.727"/>
  <system-out/>
</testsuite> <!-- pratice.Summa1 -->
