<?xml version="1.0" encoding="UTF-8"?>
<!-- Generated by org.testng.reporters.JUnitReportReporter -->
<testsuite hostname="NAVEENA" failures="0" tests="1" name="pratice.Summ3" time="19.504" errors="0" timestamp="2021-05-15T19:34:49 IST" skipped="0">
  <testcase classname="pratice.Summ3" name="test" time="19.504"/>
  <system-out/>
</testsuite> <!-- pratice.Summ3 -->
