<?xml version="1.0" encoding="UTF-8"?>
<!-- Generated by org.testng.reporters.JUnitReportReporter -->
<testsuite hostname="NAVEENA" failures="0" tests="1" name="intervew.Summa" time="14.508" errors="0" timestamp="2021-05-30T12:10:49 IST" skipped="0">
  <testcase classname="intervew.Summa" name="test" time="14.508"/>
  <system-out/>
</testsuite> <!-- intervew.Summa -->
