<?xml version="1.0" encoding="UTF-8"?>
<!-- Generated by org.testng.reporters.JUnitReportReporter -->
<testsuite hostname="NAVEENA" failures="0" tests="1" name="practice1.Testing1" time="13.301" errors="0" timestamp="2021-05-25T08:25:40 IST" skipped="0">
  <testcase classname="practice1.Testing1" name="test" time="13.301"/>
  <system-out/>
</testsuite> <!-- practice1.Testing1 -->
