<?xml version="1.0" encoding="UTF-8"?>
<!-- Generated by org.testng.reporters.JUnitReportReporter -->
<testsuite hostname="NAVEENA" failures="0" tests="1" name="intervew.SummaPractice" time="15.091" errors="0" timestamp="2021-05-07T17:30:03 IST" skipped="0">
  <testcase classname="intervew.SummaPractice" name="test" time="15.091"/>
  <system-out/>
</testsuite> <!-- intervew.SummaPractice -->
