<?xml version="1.0" encoding="UTF-8"?>
<!-- Generated by org.testng.reporters.JUnitReportReporter -->
<testsuite hostname="NAVEENA" failures="0" tests="1" name="Selenium.basictest.dryrun" time="3.340" errors="0" timestamp="2021-04-07T21:34:33 IST" skipped="0">
  <testcase classname="Selenium.basictest.dryrun" name="dry" time="3.340"/>
  <system-out/>
</testsuite> <!-- Selenium.basictest.dryrun -->
