<?xml version="1.0" encoding="UTF-8"?>
<!-- Generated by org.testng.reporters.JUnitReportReporter -->
<testsuite hostname="NAVEENA" failures="0" tests="1" name="practise2.Testing1" time="4.847" errors="0" timestamp="2021-06-01T18:26:45 IST" skipped="0">
  <testcase classname="practise2.Testing1" name="test" time="4.847"/>
  <system-out/>
</testsuite> <!-- practise2.Testing1 -->
