<?xml version="1.0" encoding="UTF-8"?>
<!-- Generated by org.testng.reporters.JUnitReportReporter -->
<testsuite hostname="NAVEENA" failures="0" tests="1" name="Selenium.basictest.broken_links" time="10.724" errors="0" timestamp="2021-03-13T16:02:53 IST" skipped="0">
  <testcase classname="Selenium.basictest.broken_links" name="broken" time="10.724"/>
  <system-out/>
</testsuite> <!-- Selenium.basictest.broken_links -->
