<?xml version="1.0" encoding="UTF-8"?>
<!-- Generated by org.testng.reporters.JUnitReportReporter -->
<testsuite hostname="NAVEENA" failures="0" tests="1" name="pratice.Testing1" time="9.109" errors="0" timestamp="2021-05-18T18:53:37 IST" skipped="0">
  <testcase classname="pratice.Testing1" name="test" time="9.109"/>
  <system-out/>
</testsuite> <!-- pratice.Testing1 -->
