<?xml version="1.0" encoding="UTF-8"?>
<!-- Generated by org.testng.reporters.JUnitReportReporter -->
<testsuite hostname="NAVEENA" failures="0" tests="1" name="practise2.DataProvider1" time="0.013" errors="0" timestamp="2021-06-04T11:39:23 IST" skipped="0">
  <testcase classname="practise2.DataProvider1" name="test" time="0.013"/>
  <system-out/>
</testsuite> <!-- practise2.DataProvider1 -->
