<?xml version="1.0" encoding="UTF-8"?>
<!-- Generated by org.testng.reporters.JUnitReportReporter -->
<testsuite hostname="NAVEENA" failures="0" tests="1" name="practise.Testing3" time="11.319" errors="0" timestamp="2021-05-19T09:17:35 IST" skipped="0">
  <testcase classname="practise.Testing3" name="test" time="11.319"/>
  <system-out/>
</testsuite> <!-- practise.Testing3 -->
