<?xml version="1.0" encoding="UTF-8"?>
<!-- Generated by org.testng.reporters.JUnitReportReporter -->
<testsuite hostname="NAVEENA" failures="0" tests="1" name="practise.Testing2" time="23.647" errors="0" timestamp="2021-05-19T08:50:56 IST" skipped="0">
  <testcase classname="practise.Testing2" name="test" time="23.647"/>
  <system-out/>
</testsuite> <!-- practise.Testing2 -->
