<?xml version="1.0" encoding="UTF-8"?>
<!-- Generated by org.testng.reporters.JUnitReportReporter -->
<testsuite hostname="NAVEENA" failures="0" tests="1" name="datadriven.TestExcel" time="1.110" errors="0" timestamp="2021-03-27T16:42:17 IST" skipped="0">
  <testcase classname="datadriven.TestExcel" name="data" time="1.110"/>
  <system-out/>
</testsuite> <!-- datadriven.TestExcel -->
