<?xml version="1.0" encoding="UTF-8"?>
<!-- Generated by org.testng.reporters.JUnitReportReporter -->
<testsuite hostname="NAVEENA" failures="0" tests="1" name="practice1.dataprovider" time="0.012" errors="0" timestamp="2021-05-24T19:54:38 IST" skipped="0">
  <testcase classname="practice1.dataprovider" name="test" time="0.012"/>
  <system-out/>
</testsuite> <!-- practice1.dataprovider -->
