<?xml version="1.0" encoding="UTF-8"?>
<!-- Generated by org.testng.reporters.JUnitReportReporter -->
<testsuite hostname="NAVEENA" failures="0" tests="1" name="practise.Testing4" time="7.825" errors="0" timestamp="2021-05-20T07:30:44 IST" skipped="0">
  <testcase classname="practise.Testing4" name="test" time="7.825"/>
  <system-out/>
</testsuite> <!-- practise.Testing4 -->
