<?xml version="1.0" encoding="UTF-8"?>
<!-- Generated by org.testng.reporters.JUnitReportReporter -->
<testsuite hostname="NAVEENA" failures="0" tests="1" name="pratice.Test1" time="0.006" errors="0" timestamp="2021-05-14T09:05:27 IST" skipped="0">
  <testcase classname="pratice.Test1" name="test" time="0.006"/>
  <system-out/>
</testsuite> <!-- pratice.Test1 -->
