<?xml version="1.0" encoding="UTF-8"?>
<!-- Generated by org.testng.reporters.JUnitReportReporter -->
<testsuite hostname="NAVEENA" failures="0" tests="1" name="intervew.StaticDrop" time="11.965" errors="0" timestamp="2021-05-30T13:47:53 IST" skipped="0">
  <testcase classname="intervew.StaticDrop" name="test" time="11.965"/>
  <system-out/>
</testsuite> <!-- intervew.StaticDrop -->
