<?xml version="1.0" encoding="UTF-8"?>
<!-- Generated by org.testng.reporters.JUnitReportReporter -->
<testsuite hostname="NAVEENA" failures="0" tests="1" name="lastprac.Rahulshetty1" time="31.969" errors="0" timestamp="2021-03-13T16:02:53 IST" skipped="0">
  <testcase classname="lastprac.Rahulshetty1" name="test" time="31.969"/>
  <system-out/>
</testsuite> <!-- lastprac.Rahulshetty1 -->
