<?xml version="1.0" encoding="UTF-8"?>
<!-- Generated by org.testng.reporters.JUnitReportReporter -->
<testsuite hostname="NAVEENA" failures="0" tests="1" name="lastprac.Rahulshetty" time="30.498" errors="0" timestamp="2021-03-13T16:02:53 IST" skipped="0">
  <testcase classname="lastprac.Rahulshetty" name="test" time="30.498"/>
  <system-out/>
</testsuite> <!-- lastprac.Rahulshetty -->
