<?xml version="1.0" encoding="UTF-8"?>
<!-- Generated by org.testng.reporters.JUnitReportReporter -->
<testsuite hostname="NAVEENA" failures="0" tests="1" name="finalprac.Excel" time="1.493" errors="0" timestamp="2021-03-28T19:02:26 IST" skipped="0">
  <testcase classname="finalprac.Excel" name="test" time="1.493"/>
  <system-out/>
</testsuite> <!-- finalprac.Excel -->
