<?xml version="1.0" encoding="UTF-8"?>
<!-- Generated by org.testng.reporters.JUnitReportReporter -->
<testsuite hostname="NAVEENA" failures="0" tests="1" name="practise2.DataProviderTest" time="0.013" errors="0" timestamp="2021-06-01T16:27:34 IST" skipped="0">
  <testcase classname="practise2.DataProviderTest" name="test" time="0.013"/>
  <system-out/>
</testsuite> <!-- practise2.DataProviderTest -->
