<?xml version="1.0" encoding="UTF-8"?>
<!-- Generated by org.testng.reporters.JUnitReportReporter -->
<testsuite hostname="NAVEENA" failures="0" tests="1" name="practise2.BaseClass" time="13.657" errors="0" timestamp="2021-06-01T15:41:12 IST" skipped="0">
  <testcase classname="practise2.BaseClass" name="test" time="13.657"/>
  <system-out/>
</testsuite> <!-- practise2.BaseClass -->
