<?xml version="1.0" encoding="UTF-8"?>
<!-- Generated by org.testng.reporters.JUnitReportReporter -->
<testsuite hostname="NAVEENA" failures="0" tests="1" name="pratice.Summa" time="16.566" errors="0" timestamp="2021-05-07T21:50:40 IST" skipped="0">
  <testcase classname="pratice.Summa" name="test" time="16.566"/>
  <system-out/>
</testsuite> <!-- pratice.Summa -->
