<?xml version="1.0" encoding="UTF-8"?>
<!-- Generated by org.testng.reporters.JUnitReportReporter -->
<testsuite hostname="NAVEENA" failures="0" tests="1" name="practise2.Testing3" time="12.893" errors="0" timestamp="2021-06-02T07:36:31 IST" skipped="0">
  <testcase classname="practise2.Testing3" name="test" time="12.893"/>
  <system-out/>
</testsuite> <!-- practise2.Testing3 -->
