<?xml version="1.0" encoding="UTF-8"?>
<!-- Generated by org.testng.reporters.JUnitReportReporter -->
<testsuite hostname="NAVEENA" failures="0" tests="1" name="extraPractice.FindAndReplace" time="11.293" errors="0" timestamp="2021-05-30T08:09:07 IST" skipped="0">
  <testcase classname="extraPractice.FindAndReplace" name="test" time="11.293"/>
  <system-out/>
</testsuite> <!-- extraPractice.FindAndReplace -->
