<?xml version="1.0" encoding="UTF-8"?>
<!-- Generated by org.testng.reporters.JUnitReportReporter -->
<testsuite hostname="NAVEENA" failures="0" tests="1" name="practice1.Testing2" time="13.951" errors="0" timestamp="2021-05-25T19:43:36 IST" skipped="0">
  <testcase classname="practice1.Testing2" name="test" time="13.951"/>
  <system-out/>
</testsuite> <!-- practice1.Testing2 -->
