<?xml version="1.0" encoding="UTF-8"?>
<!-- Generated by org.testng.reporters.JUnitReportReporter -->
<testsuite hostname="NAVEENA" failures="0" tests="2" name="finalprac.Facebooklinks" time="157.699" errors="0" timestamp="2021-03-26T08:20:39 IST" skipped="0">
  <testcase classname="finalprac.Facebooklinks" name="test" time="112.633"/>
  <system-out/>
  <testcase classname="finalprac.Facebooklinks" name="test" time="45.066"/>
  <system-out/>
</testsuite> <!-- finalprac.Facebooklinks -->
