<?xml version="1.0" encoding="UTF-8"?>
<!-- Generated by org.testng.reporters.JUnitReportReporter -->
<testsuite hostname="NAVEENA" failures="0" tests="1" name="finalprac.Summatest" time="7.430" errors="0" timestamp="2021-03-28T17:58:53 IST" skipped="0">
  <testcase classname="finalprac.Summatest" name="test" time="7.430"/>
  <system-out/>
</testsuite> <!-- finalprac.Summatest -->
