<?xml version="1.0" encoding="UTF-8"?>
<!-- Generated by org.testng.reporters.JUnitReportReporter -->
<testsuite hostname="NAVEENA" failures="0" tests="1" name="practise2.Testing" time="12.804" errors="0" timestamp="2021-06-01T17:08:47 IST" skipped="0">
  <testcase classname="practise2.Testing" name="test" time="12.804"/>
  <system-out/>
</testsuite> <!-- practise2.Testing -->
