<?xml version="1.0" encoding="UTF-8"?>
<!-- Generated by org.testng.reporters.JUnitReportReporter -->
<testsuite hostname="NAVEENA" failures="0" tests="1" name="extraPractice.CalendarPrac" time="10.656" errors="0" timestamp="2021-05-24T19:14:22 IST" skipped="0">
  <testcase classname="extraPractice.CalendarPrac" name="test" time="10.656"/>
  <system-out/>
</testsuite> <!-- extraPractice.CalendarPrac -->
