<?xml version="1.0" encoding="UTF-8"?>
<!-- Generated by org.testng.reporters.JUnitReportReporter -->
<testsuite hostname="NAVEENA" failures="0" tests="1" name="lastprac.Rahulshetty" time="20.352" errors="0" timestamp="2021-04-19T21:46:46 IST" skipped="0">
  <testcase classname="lastprac.Rahulshetty" name="test" time="20.352"/>
  <system-out/>
</testsuite> <!-- lastprac.Rahulshetty -->
