<?xml version="1.0" encoding="UTF-8"?>
<!-- Generated by org.testng.reporters.JUnitReportReporter -->
<testsuite hostname="NAVEENA" failures="0" tests="1" name="datadriven.Excel" time="1.114" errors="0" timestamp="2021-04-02T07:44:34 IST" skipped="0">
  <testcase classname="datadriven.Excel" name="test" time="1.114"/>
  <system-out/>
</testsuite> <!-- datadriven.Excel -->
