<?xml version="1.0" encoding="UTF-8"?>
<!-- Generated by org.testng.reporters.JUnitReportReporter -->
<testsuite hostname="NAVEENA" failures="0" tests="1" name="practice1.BaseClass" time="11.128" errors="0" timestamp="2021-05-24T19:39:45 IST" skipped="0">
  <testcase classname="practice1.BaseClass" name="test" time="11.128"/>
  <system-out/>
</testsuite> <!-- practice1.BaseClass -->
