<?xml version="1.0" encoding="UTF-8"?>
<!-- Generated by org.testng.reporters.JUnitReportReporter -->
<testsuite hostname="NAVEENA" failures="0" tests="1" name="datadriven.GreenKart" time="10.301" errors="0" timestamp="2021-04-27T13:15:43 IST" skipped="0">
  <testcase classname="datadriven.GreenKart" name="test" time="10.301"/>
  <system-out/>
</testsuite> <!-- datadriven.GreenKart -->
