<?xml version="1.0" encoding="UTF-8"?>
<!-- Generated by org.testng.reporters.JUnitReportReporter -->
<testsuite hostname="NAVEENA" failures="0" tests="1" name="finalprac.Database" time="0.959" errors="0" timestamp="2021-03-29T14:14:41 IST" skipped="0">
  <testcase classname="finalprac.Database" name="test" time="0.959"/>
  <system-out/>
</testsuite> <!-- finalprac.Database -->
