<?xml version="1.0" encoding="UTF-8"?>
<!-- Generated by org.testng.reporters.JUnitReportReporter -->
<testsuite hostname="NAVEENA" failures="0" tests="1" name="practise2.AlertsHandle" time="9.090" errors="0" timestamp="2021-06-01T21:15:33 IST" skipped="0">
  <testcase classname="practise2.AlertsHandle" name="test" time="9.090"/>
  <system-out/>
</testsuite> <!-- practise2.AlertsHandle -->
