<?xml version="1.0" encoding="UTF-8"?>
<!-- Generated by org.testng.reporters.JUnitReportReporter -->
<testsuite hostname="NAVEENA" failures="0" tests="1" name="finalprac.RahulShetty1" time="6.583" errors="0" timestamp="2021-03-26T17:30:58 IST" skipped="0">
  <testcase classname="finalprac.RahulShetty1" name="test" time="6.583"/>
  <system-out/>
</testsuite> <!-- finalprac.RahulShetty1 -->
