<?xml version="1.0" encoding="UTF-8"?>
<!-- Generated by org.testng.reporters.JUnitReportReporter -->
<testsuite hostname="NAVEENA" failures="0" tests="1" name="finalprac.RahulShetty1" time="11.665" errors="0" timestamp="2021-03-13T16:02:53 IST" skipped="0">
  <testcase classname="finalprac.RahulShetty1" name="test" time="11.665"/>
  <system-out/>
</testsuite> <!-- finalprac.RahulShetty1 -->
