<?xml version="1.0" encoding="UTF-8"?>
<!-- Generated by org.testng.reporters.JUnitReportReporter -->
<testsuite hostname="NAVEENA" failures="0" tests="1" name="datadriven.Select" time="8.584" errors="0" timestamp="2021-04-14T18:42:00 IST" skipped="0">
  <testcase classname="datadriven.Select" name="test" time="8.584"/>
  <system-out/>
</testsuite> <!-- datadriven.Select -->
